<?xml version="1.0" encoding="UTF-8"?>
<!-- Generated by org.testng.reporters.JUnitReportReporter -->
<testsuite hostname="GOAT" failures="0" tests="1" name="SeleniumFramework.test.ErrorValidations" time="9.725" errors="0" timestamp="2024-04-05T22:34:48 IST" skipped="0">
  <testcase classname="SeleniumFramework.test.ErrorValidations" name="ErrorValidate" time="9.725"/>
</testsuite> <!-- SeleniumFramework.test.ErrorValidations -->
