<?xml version="1.0" encoding="UTF-8"?>
<!-- Generated by org.testng.reporters.JUnitReportReporter -->
<testsuite hostname="GOAT" failures="0" tests="1" name="SeleniumFramework.test.ErrorValidations" time="5.529" errors="0" timestamp="2023-12-22T11:36:37 IST" skipped="0">
  <testcase classname="SeleniumFramework.test.ErrorValidations" name="ErrorValidate" time="5.529"/>
</testsuite> <!-- SeleniumFramework.test.ErrorValidations -->
